plughub_proto(Login)/portpolio4/app/build/intermediates/manifest_merge_blame_file/debug/manifest-merger-blame-debug-report.txt
1<?xml version="1.0" encoding="utf-8"?>
2<manifest xmlns:android="http://schemas.android.com/apk/res/android"
3    package="com.lkw.searchbar"
4    android:versionCode="1"
5    android:versionName="1.0" >
6
7    <uses-sdk
8        android:minSdkVersion="24"
8-->src\main\AndroidManifest.xml
9        android:targetSdkVersion="33" />
9-->src\main\AndroidManifest.xml
10
11    <uses-permission android:name="android.permission.INTERNET" />
11-->src\main\AndroidManifest.xml:6:5-66
11-->src\main\AndroidManifest.xml:6:22-64
12    <uses-permission android:name="android.permission.ACCESS_FINE_LOCATION" />
12-->src\main\AndroidManifest.xml:7:5-78
12-->src\main\AndroidManifest.xml:7:22-76
13    <uses-permission android:name="android.permission.ACCESS_COARSE_LOCATION" />
13-->src\main\AndroidManifest.xml:8:5-80
13-->src\main\AndroidManifest.xml:8:22-78
14    <uses-permission android:name="android.permission.ACCESS_NETWORK_STATE" />
14-->src\main\AndroidManifest.xml:9:5-78
14-->src\main\AndroidManifest.xml:9:22-76
15
16    <queries>
16-->[com.kakao.sdk:v2-navi:2.13.0] AndroidManifest.xml:9:5-12:15
17        <package android:name="com.locnall.KimGiSa" />
17-->[com.kakao.sdk:v2-navi:2.13.0] AndroidManifest.xml:10:9-55
17-->[com.kakao.sdk:v2-navi:2.13.0] AndroidManifest.xml:10:18-52
18        <package android:name="com.lguplus.navi" />
18-->[com.kakao.sdk:v2-navi:2.13.0] AndroidManifest.xml:11:9-52
18-->[com.kakao.sdk:v2-navi:2.13.0] AndroidManifest.xml:11:18-49
19        <package android:name="com.kakao.talk" />
19-->[com.kakao.sdk:v2-common:2.13.0] AndroidManifest.xml:10:9-50
19-->[com.kakao.sdk:v2-common:2.13.0] AndroidManifest.xml:10:18-47
20        <package android:name="com.kakao.talk.alpha" />
20-->[com.kakao.sdk:v2-common:2.13.0] AndroidManifest.xml:11:9-56
20-->[com.kakao.sdk:v2-common:2.13.0] AndroidManifest.xml:11:18-53
21        <package android:name="com.kakao.talk.sandbox" />
21-->[com.kakao.sdk:v2-common:2.13.0] AndroidManifest.xml:12:9-58
21-->[com.kakao.sdk:v2-common:2.13.0] AndroidManifest.xml:12:18-55
22        <package android:name="com.kakao.onetalk" />
22-->[com.kakao.sdk:v2-common:2.13.0] AndroidManifest.xml:13:9-53
22-->[com.kakao.sdk:v2-common:2.13.0] AndroidManifest.xml:13:18-50
23
24        <intent>
24-->[com.kakao.sdk:v2-common:2.13.0] AndroidManifest.xml:15:9-21:18
25            <action android:name="android.intent.action.VIEW" />
25-->[com.kakao.sdk:v2-common:2.13.0] AndroidManifest.xml:16:13-65
25-->[com.kakao.sdk:v2-common:2.13.0] AndroidManifest.xml:16:21-62
26
27            <category android:name="android.intent.category.BROWSABLE" />
27-->[com.kakao.sdk:v2-common:2.13.0] AndroidManifest.xml:18:13-74
27-->[com.kakao.sdk:v2-common:2.13.0] AndroidManifest.xml:18:23-71
28
29            <data android:scheme="https" />
29-->[com.kakao.sdk:v2-common:2.13.0] AndroidManifest.xml:20:13-44
29-->[com.kakao.sdk:v2-common:2.13.0] AndroidManifest.xml:20:19-41
30        </intent>
31    </queries>
32
33    <permission
33-->[androidx.core:core:1.9.0] AndroidManifest.xml:22:5-24:47
34        android:name="com.lkw.searchbar.DYNAMIC_RECEIVER_NOT_EXPORTED_PERMISSION"
34-->[androidx.core:core:1.9.0] AndroidManifest.xml:23:9-81
35        android:protectionLevel="signature" />
35-->[androidx.core:core:1.9.0] AndroidManifest.xml:24:9-44
36
37    <uses-permission android:name="com.lkw.searchbar.DYNAMIC_RECEIVER_NOT_EXPORTED_PERMISSION" />
37-->[androidx.core:core:1.9.0] AndroidManifest.xml:26:5-97
37-->[androidx.core:core:1.9.0] AndroidManifest.xml:26:22-94
38
39    <application
39-->src\main\AndroidManifest.xml:11:5-55:19
40        android:allowBackup="true"
40-->src\main\AndroidManifest.xml:13:9-35
41        android:appComponentFactory="androidx.core.app.CoreComponentFactory"
41-->[androidx.core:core:1.9.0] AndroidManifest.xml:28:18-86
42        android:dataExtractionRules="@xml/data_extraction_rules"
42-->src\main\AndroidManifest.xml:14:9-65
43        android:debuggable="true"
44        android:extractNativeLibs="false"
45        android:fullBackupContent="@xml/backup_rules"
45-->src\main\AndroidManifest.xml:15:9-54
46        android:icon="@mipmap/ic_launcher"
46-->src\main\AndroidManifest.xml:16:9-43
47        android:label="@string/app_name"
47-->src\main\AndroidManifest.xml:17:9-41
48        android:networkSecurityConfig="@xml/network_security_config"
48-->src\main\AndroidManifest.xml:20:9-69
49        android:supportsRtl="true"
49-->src\main\AndroidManifest.xml:18:9-35
50        android:testOnly="true"
51        android:theme="@style/Theme.Searchbar"
51-->src\main\AndroidManifest.xml:19:9-47
52        android:usesCleartextTraffic="true" >
52-->src\main\AndroidManifest.xml:12:9-44
53        <meta-data
53-->src\main\AndroidManifest.xml:23:9-24:99
54            android:name="com.kakao.sdk.AppKey"
54-->src\main\AndroidManifest.xml:24:13-48
55            android:value="058aba7c75990149427e6a9956137af0" />
55-->src\main\AndroidManifest.xml:24:49-97
56
57        <!-- <activity -->
58        <!-- android:name=".GlobalApplication" -->
59        <!-- android:exported="true"/> -->
60
61        <activity
61-->src\main\AndroidManifest.xml:30:9-37:20
62            android:name="com.lkw.searchbar.LoginActivity"
62-->src\main\AndroidManifest.xml:31:13-42
63            android:exported="true" >
63-->src\main\AndroidManifest.xml:32:13-36
64            <intent-filter>
64-->src\main\AndroidManifest.xml:33:13-36:29
65                <action android:name="android.intent.action.MAIN" />
65-->src\main\AndroidManifest.xml:34:17-69
65-->src\main\AndroidManifest.xml:34:25-66
66
67                <category android:name="android.intent.category.LAUNCHER" />
67-->src\main\AndroidManifest.xml:35:17-77
67-->src\main\AndroidManifest.xml:35:27-74
68            </intent-filter>
69        </activity>
70        <activity
70-->src\main\AndroidManifest.xml:39:9-41:38
71            android:name="com.lkw.searchbar.SignUpActivity"
71-->src\main\AndroidManifest.xml:40:13-43
72            android:exported="true" />
72-->src\main\AndroidManifest.xml:41:13-36
73        <activity
73-->src\main\AndroidManifest.xml:43:9-46:24
74            android:name="com.lkw.searchbar.MainActivity"
74-->src\main\AndroidManifest.xml:44:13-41
75            android:exported="true" >
75-->src\main\AndroidManifest.xml:45:13-36
76        </activity>
77        <activity
77-->src\main\AndroidManifest.xml:48:9-50:38
78            android:name="com.lkw.searchbar.retrofit_DB.db_Act"
78-->src\main\AndroidManifest.xml:49:13-47
79            android:exported="true" />
79-->src\main\AndroidManifest.xml:50:13-36
80        <activity
80-->src\main\AndroidManifest.xml:52:9-53:39
81            android:name="com.lkw.searchbar.DestinationActivity"
81-->src\main\AndroidManifest.xml:52:19-54
82            android:exported="false" />
82-->src\main\AndroidManifest.xml:53:13-37
83        <activity
83-->[com.kakao.sdk:v2-friend:2.13.0] AndroidManifest.xml:13:9-16:59
84            android:name="com.kakao.sdk.friend.view.FullPickerActivity"
84-->[com.kakao.sdk:v2-friend:2.13.0] AndroidManifest.xml:14:13-72
85            android:theme="@style/DayNightFull"
85-->[com.kakao.sdk:v2-friend:2.13.0] AndroidManifest.xml:15:13-48
86            android:windowSoftInputMode="adjustNothing" />
86-->[com.kakao.sdk:v2-friend:2.13.0] AndroidManifest.xml:16:13-56
87        <activity
87-->[com.kakao.sdk:v2-friend:2.13.0] AndroidManifest.xml:17:9-19:52
88            android:name="com.kakao.sdk.friend.view.PopupPickerActivity"
88-->[com.kakao.sdk:v2-friend:2.13.0] AndroidManifest.xml:18:13-73
89            android:theme="@style/DayNightPopup" />
89-->[com.kakao.sdk:v2-friend:2.13.0] AndroidManifest.xml:19:13-49
90        <activity
90-->[com.kakao.sdk:v2-auth:2.13.0] AndroidManifest.xml:10:9-15:56
91            android:name="com.kakao.sdk.auth.TalkAuthCodeActivity"
91-->[com.kakao.sdk:v2-auth:2.13.0] AndroidManifest.xml:11:13-67
92            android:configChanges="orientation|screenSize|keyboardHidden"
92-->[com.kakao.sdk:v2-auth:2.13.0] AndroidManifest.xml:12:13-74
93            android:exported="false"
93-->[com.kakao.sdk:v2-auth:2.13.0] AndroidManifest.xml:13:13-37
94            android:launchMode="singleTask"
94-->[com.kakao.sdk:v2-auth:2.13.0] AndroidManifest.xml:14:13-44
95            android:theme="@style/TransparentCompat" />
95-->[com.kakao.sdk:v2-auth:2.13.0] AndroidManifest.xml:15:13-53
96        <activity
96-->[com.kakao.sdk:v2-auth:2.13.0] AndroidManifest.xml:16:9-19:56
97            android:name="com.kakao.sdk.auth.AuthCodeHandlerActivity"
97-->[com.kakao.sdk:v2-auth:2.13.0] AndroidManifest.xml:17:13-70
98            android:launchMode="singleTask"
98-->[com.kakao.sdk:v2-auth:2.13.0] AndroidManifest.xml:18:13-44
99            android:theme="@style/TransparentCompat" />
99-->[com.kakao.sdk:v2-auth:2.13.0] AndroidManifest.xml:19:13-53
100
101        <provider
101-->[androidx.emoji2:emoji2:1.2.0] AndroidManifest.xml:24:9-32:20
102            android:name="androidx.startup.InitializationProvider"
102-->[androidx.emoji2:emoji2:1.2.0] AndroidManifest.xml:25:13-67
103            android:authorities="com.lkw.searchbar.androidx-startup"
103-->[androidx.emoji2:emoji2:1.2.0] AndroidManifest.xml:26:13-68
104            android:exported="false" >
104-->[androidx.emoji2:emoji2:1.2.0] AndroidManifest.xml:27:13-37
105            <meta-data
105-->[androidx.emoji2:emoji2:1.2.0] AndroidManifest.xml:29:13-31:52
106                android:name="androidx.emoji2.text.EmojiCompatInitializer"
106-->[androidx.emoji2:emoji2:1.2.0] AndroidManifest.xml:30:17-75
107                android:value="androidx.startup" />
107-->[androidx.emoji2:emoji2:1.2.0] AndroidManifest.xml:31:17-49
108            <meta-data
108-->[androidx.lifecycle:lifecycle-process:2.4.1] AndroidManifest.xml:31:13-33:52
109                android:name="androidx.lifecycle.ProcessLifecycleInitializer"
109-->[androidx.lifecycle:lifecycle-process:2.4.1] AndroidManifest.xml:32:17-78
110                android:value="androidx.startup" />
110-->[androidx.lifecycle:lifecycle-process:2.4.1] AndroidManifest.xml:33:17-49
111        </provider>
112    </application>
113
114</manifest>